#
# A fatal error has been detected by the Java Runtime Environment:
#
#  SIGBUS (0xa) at pc=0x00000007c2603fb0, pid=2133, tid=63491
#
# JRE version: Java(TM) SE Runtime Environment (7.0_80-b15) (build 1.7.0_80-b15)
# Java VM: Java HotSpot(TM) 64-Bit Server VM (24.80-b11 mixed mode bsd-amd64 compressed oops)
# Problematic frame:
# C  0x00000007c2603fb0
#
# Failed to write core dump. Core dumps have been disabled. To enable core dumping, try "ulimit -c unlimited" before starting Java again
#
# If you would like to submit a bug report, please visit:
#   http://bugreport.java.com/bugreport/crash.jsp
#

---------------  T H R E A D  ---------------

Current thread (0x00007fbf0a354000):  JavaThread "SuperDevMode code server listener" daemon [_thread_in_vm, id=63491, stack(0x00007000018e8000,0x00007000019e8000)]

siginfo:si_signo=SIGBUS: si_errno=0, si_code=2 (BUS_ADRERR), si_addr=0x00000007c2603fb0

Registers:
RAX=0x00000007bae0ae40, RBX=0x00000007bae04570, RCX=0x00000007eb914cd8, RDX=0x0000000000000001
RSP=0x00007000019e6b28, RBP=0x00007000019e6b80, RSI=0x00000007eb914d04, RDI=0x00000007c29fc44c
R8 =0x000000000000001b, R9 =0x0000000000000006, R10=0x000000010ea29880, R11=0x000000010df4e000
R12=0x0000000000000000, R13=0x00007000019e6b30, R14=0x00000007bb6d9da8, R15=0x00007fbf0a354000
RIP=0x00000007c2603fb0, EFLAGS=0x0000000000010202, ERR=0x0000000000000015
  TRAPNO=0x000000000000000e

Top of Stack: (sp=0x00007000019e6b28)
0x00007000019e6b28:   000000010ec6b350 00000007eb914cd8
0x00007000019e6b38:   00000007eb914cd8 00007000019e6b40
0x00007000019e6b48:   00000007bae09305 00007000019e6bd8
0x00007000019e6b58:   00000007baeaf0a0 00000007bb6d9da8
0x00007000019e6b68:   00000007bae093c8 00007000019e6b30
0x00007000019e6b78:   00007000019e6be0 00007000019e6c58
0x00007000019e6b88:   000000010ed1a254 0000000000000000
0x00007000019e6b98:   0000000000000000 00000007eb914cd8
0x00007000019e6ba8:   0000000000000000 000000000000000a
0x00007000019e6bb8:   0000000000000004 000000000000002f
0x00007000019e6bc8:   fe5d81fe00000000 00000007f300f1a0
0x00007000019e6bd8:   00000007c29fc418 0000000000000000
0x00007000019e6be8:   00000007bc26a6e0 00007000019e6c58
0x00007000019e6bf8:   000000010ec6b233 000000010ec6b233
0x00007000019e6c08:   00000007f300f1a0 00000007c29fc418
0x00007000019e6c18:   00007000019e6c18 00000007bc09346b
0x00007000019e6c28:   00007000019e6cb8 00000007bc095d50
0x00007000019e6c38:   00000007bc37c6e0 00000007bc093578
0x00007000019e6c48:   00007000019e6c08 00007000019e6cb0
0x00007000019e6c58:   00007000019e6d10 000000010ec6b350
0x00007000019e6c68:   0000000000000000 0000000000000000
0x00007000019e6c78:   0000000000000000 0000000000000000
0x00007000019e6c88:   0000000000000000 0000000000000000
0x00007000019e6c98:   0000000000000000 0000000000000000
0x00007000019e6ca8:   00000007c29fc418 00000007eb914c40
0x00007000019e6cb8:   00000007eb905b00 0000000000000001
0x00007000019e6cc8:   00000007c1ffe990 00007000019e6cc0
0x00007000019e6cd8:   00000007bbf652c2 00007000019e6d40
0x00007000019e6ce8:   00000007bbf79a80 0000000000000000
0x00007000019e6cf8:   00000007bbf65378 00007000019e6cb0
0x00007000019e6d08:   00007000019e6d40 00007000019e6d88
0x00007000019e6d18:   000000010ec6b233 00000007c29fc370 

Instructions: (pc=0x00000007c2603fb0)
0x00000007c2603f90:   c6 00 5c f7 0b 00 00 00 63 00 68 00 61 00 72 00
0x00000007c2603fa0:   73 00 65 00 74 00 4e 00 61 00 6d 00 65 00 00 00
0x00000007c2603fb0:   19 00 00 00 00 00 00 00 41 2c 5c f7 00 00 00 00
0x00000007c2603fc0:   00 00 00 00 01 08 4c f8 00 00 00 00 00 00 00 00 

Register to memory mapping:

RAX=0x00000007bae0ae40 is an oop
{instance class} 
 - klass: {other class}
RBX=0x00000007bae04570 is an oop
{instance class} 
 - klass: {other class}
RCX=0x00000007eb914cd8 is an oop
java.lang.String 
 - klass: 'java/lang/String'
RDX=0x0000000000000001 is an unknown value
RSP=0x00007000019e6b28 is pointing into the stack for thread: 0x00007fbf0a354000
RBP=0x00007000019e6b80 is pointing into the stack for thread: 0x00007fbf0a354000
RSI=0x00000007eb914d04 is an unknown value
RDI=0x00000007c29fc44c is pointing into object: 0x00000007c29fc430
[C 
 - klass: {type array char}
 - length: 27
R8 =0x000000000000001b is an unknown value
R9 =0x0000000000000006 is an unknown value
R10=0x000000010ea29880: _ZN19TemplateInterpreter24_return_3_addrs_by_indexE+0 in /Library/Java/JavaVirtualMachines/jdk1.7.0_80.jdk/Contents/Home/jre/lib/server/libjvm.dylib at 0x000000010e200000
R11=0x000000010df4e000 is an unknown value
R12=0x0000000000000000 is an unknown value
R13=0x00007000019e6b30 is pointing into the stack for thread: 0x00007fbf0a354000
R14=0x00000007bb6d9da8 is pointing into object: 0x00000007bb6d99a8
{method data} 
 - klass: {other class}
R15=0x00007fbf0a354000 is a thread


Stack: [0x00007000018e8000,0x00007000019e8000],  sp=0x00007000019e6b28,  free space=1018k
Native frames: (J=compiled Java code, j=interpreted, Vv=VM code, C=native code)
C  0x00000007c2603fb0
J 136 C2 java.lang.String.split(Ljava/lang/String;)[Ljava/lang/String; (7 bytes) @ 0x000000010ed1a254 [0x000000010ed1a220+0x34]
C  0x0000000000000000

Java frames: (J=compiled Java code, j=interpreted, Vv=VM code)
C  0x00000007eb914cd8
J 136 C2 java.lang.String.split(Ljava/lang/String;)[Ljava/lang/String; (7 bytes) @ 0x000000010ed1a254 [0x000000010ed1a220+0x34]
C  0x0000000000000000
C  0xfd72299ef75c15c8
