#
# A fatal error has been detected by the Java Runtime Environment:
#
#  SIGSEGV (0xb) at pc=0x00007fff91759302, pid=41345, tid=42511
#
# JRE version: Java(TM) SE Runtime Environment (7.0_80-b15) (build 1.7.0_80-b15)
# Java VM: Java HotSpot(TM) 64-Bit Server VM (24.80-b11 mixed mode bsd-amd64 compressed oops)
# Problematic frame:
# C  [libobjc.A.dylib+0xb302]  objc_storeWeak+0xe4
#
# Failed to write core dump. Core dumps have been disabled. To enable core dumping, try "ulimit -c unlimited" before starting Java again
#
# If you would like to submit a bug report, please visit:
#   http://bugreport.java.com/bugreport/crash.jsp
# The crash happened outside the Java Virtual Machine in native code.
# See problematic frame for where to report the bug.
#

---------------  T H R E A D  ---------------

Current thread (0x00007fd77c8fa000):  JavaThread "Java2D Queue Flusher" daemon [_thread_in_native, id=42511, stack(0x00007000011d3000,0x00007000012d3000)]

siginfo:si_signo=SIGSEGV: si_errno=0, si_code=0 (SEGV0), si_addr=0x0000000000000000

Registers:
RAX=0x000c7fd77e6a90c0, RBX=0x00007fff7c3a2d00, RCX=0x000000000000a60f, RDX=0x00007ffffffffff8
RSP=0x00007000012d26b0, RBP=0x00007000012d2720, RSI=0x00007fff7c3a2f00, RDI=0x00007fff7c3a2d00
R8 =0x0000000000000004, R9 =0x0000000000000005, R10=0x00007fd77e6d7ca0, R11=0x00007fff7ce85d08
R12=0x00007fd77e6af048, R13=0x0000000000000000, R14=0x00007fff7c3a2f00, R15=0x0000000000000000
RIP=0x00007fff91759302, EFLAGS=0x0000000000010246, ERR=0x0000000000000000
  TRAPNO=0x000000000000000d

Top of Stack: (sp=0x00007000012d26b0)
0x00007000012d26b0:   00007000012d2760 00007fff9db25214
0x00007000012d26c0:   0000000000000200 0000000000000000
0x00007000012d26d0:   0000000000000000 0000000000000000
0x00007000012d26e0:   000c7fd77e6a90c0 0000000000000004
0x00007000012d26f0:   0000000000000000 00007000012d2798
0x00007000012d2700:   00007fd77d196088 00000007bb30e768
0x00007000012d2710:   00007000012d2798 0000000000000000
0x00007000012d2720:   00007000012d2750 00007fff950a8968
0x00007000012d2730:   0000000000000000 00007fd77d196088
0x00007000012d2740:   00007000012d2798 0000000000000000
0x00007000012d2750:   00007000012d2780 00007fff9528c659
0x00007000012d2760:   000c7fd77e6a90c0 00007fd77e6af040
0x00007000012d2770:   000c7fd77e6a90c0 00007fd77d196090
0x00007000012d2780:   00007000012d27e0 00007fff94d50204
0x00007000012d2790:   0000000000000000 00007fff7ec510a0
0x00007000012d27a0:   0000000042000000 00007fff950a892a
0x00007000012d27b0:   00007fff7c8b2200 0000000000000000
0x00007000012d27c0:   00007fd77e6af040 000c7fd77e6a90c0
0x00007000012d27d0:   00007fd77bc77ba0 00007fd77c8fa1e8
0x00007000012d27e0:   00007000012d2810 000000010a46cf99
0x00007000012d27f0:   00007000012d2810 00007fd77c8fa1e8
0x00007000012d2800:   00007fd77bc68870 00007fff9dbe1873
0x00007000012d2810:   00007000012d2840 000000010a46d934
0x00007000012d2820:   00007fd77e6bccf0 0000000000000000
0x00007000012d2830:   00007fd77c8da010 00007fd77c8fa000
0x00007000012d2840:   00007000012d28c0 000000010a46329e
0x00007000012d2850:   00007fd77c8fa000 000000000000c007
0x00007000012d2860:   00007fd77be88a00 0000000200000001
0x00007000012d2870:   00007000012d2968 00007fd77c8fa000
0x00007000012d2880:   0000000000000000 00007fd77c8da020
0x00007000012d2890:   0000000000ed2960 00007fd77c8fa1e8
0x00007000012d28a0:   00000007bb30e768 0000000000000000 

Instructions: (pc=0x00007fff91759302)
0x00007fff917592e2:   74 b8 eb ae 48 83 7d c0 00 48 ba f8 ff ff ff ff
0x00007fff917592f2:   7f 00 00 74 73 48 83 7d b0 00 75 0c 48 8b 45 c0
0x00007fff91759302:   48 8b 30 48 21 d6 eb 0f 48 8b 45 a8 48 8d 0d 8b
0x00007fff91759312:   d2 b8 ea 48 8b 34 c1 48 8b 45 b8 48 39 c6 74 48 

Register to memory mapping:

RAX=0x000c7fd77e6a90c0 is an unknown value
RBX=0x00007fff7c3a2d00: _ZN12_GLOBAL__N_1L12SideTableBufE+0 in /usr/lib/libobjc.A.dylib at 0x00007fff9174e000
RCX=0x000000000000a60f is an unknown value
RDX=0x00007ffffffffff8 is an unknown value
RSP=0x00007000012d26b0 is pointing into the stack for thread: 0x00007fd77c8fa000
RBP=0x00007000012d2720 is pointing into the stack for thread: 0x00007fd77c8fa000
RSI=0x00007fff7c3a2f00: _ZN12_GLOBAL__N_1L12SideTableBufE+0x200 in /usr/lib/libobjc.A.dylib at 0x00007fff9174e000
RDI=0x00007fff7c3a2d00: _ZN12_GLOBAL__N_1L12SideTableBufE+0 in /usr/lib/libobjc.A.dylib at 0x00007fff9174e000
R8 =0x0000000000000004 is an unknown value
R9 =0x0000000000000005 is an unknown value
R10=0x00007fd77e6d7ca0 is an unknown value
R11=0x00007fff7ce85d08: OBJC_METACLASS_$_CATransaction+0 in /System/Library/Frameworks/QuartzCore.framework/Versions/A/QuartzCore at 0x00007fff97256000
R12=0x00007fd77e6af048 is an unknown value
R13=0x0000000000000000 is an unknown value
R14=0x00007fff7c3a2f00: _ZN12_GLOBAL__N_1L12SideTableBufE+0x200 in /usr/lib/libobjc.A.dylib at 0x00007fff9174e000
R15=0x0000000000000000 is an unknown value


Stack: [0x00007000011d3000,0x00007000012d3000],  sp=0x00007000012d26b0,  free space=1021k
Native frames: (J=compiled Java code, j=interpreted, Vv=VM code, C=native code)
C  [libobjc.A.dylib+0xb302]  objc_storeWeak+0xe4
C  [AppKit+0x651968]  __27-[NSOpenGLContext setView:]_block_invoke+0x3e
C  [AppKit+0x835659]  NSPerformVisuallyAtomicChange+0x93
C  [AppKit+0x2f9204]  -[NSOpenGLContext setView:]+0x77
C  [liblwawt.dylib+0x11f99]  CGLSD_MakeCurrentToScratch+0x63
C  [liblwawt.dylib+0x12934]  OGLSD_SetScratchSurface+0x7a
C  [liblwawt.dylib+0x829e]  Java_sun_java2d_opengl_OGLRenderQueue_flushBuffer+0x63a
j  sun.java2d.opengl.OGLRenderQueue.flushBuffer(JI)V+0
j  sun.java2d.opengl.OGLRenderQueue.flushBuffer()V+21
J 3305% C2 sun.java2d.opengl.OGLRenderQueue$QueueFlusher.run()V (234 bytes) @ 0x0000000101ff2be0 [0x0000000101ff29c0+0x220]
v  ~StubRoutines::call_stub
V  [libjvm.dylib+0x2dc898]
V  [libjvm.dylib+0x2dcdaf]
V  [libjvm.dylib+0x2dceec]
V  [libjvm.dylib+0x32bf3a]
V  [libjvm.dylib+0x4f8341]
V  [libjvm.dylib+0x4f9a49]
V  [libjvm.dylib+0x422b92]
C  [libsystem_pthread.dylib+0x3c13]  _pthread_body+0x83
C  [libsystem_pthread.dylib+0x3b90]  _pthread_body+0x0
C  [libsystem_pthread.dylib+0x1375]  thread_start+0xd

Java frames: (J=compiled Java code, j=interpreted, Vv=VM code)
j  sun.java2d.opengl.OGLRenderQueue.flushBuffer(JI)V+0
j  sun.java2d.opengl.OGLRenderQueue.flushBuffer()V+21
J 3305% C2 sun.java2d.opengl.OGLRenderQueue$QueueFlusher.run()V (234 bytes) @ 0x0000000101ff2be0 [0x0000000101ff29c0+0x220]
v  ~StubRoutines::call_stub

---------------  P R O C E S S  ---------------

Java Threads: ( => current thread )
  0x00007fd781865800 JavaThread "pool-3-thread-1" [_thread_blocked, id=75799, stack(0x0000700002da7000,0x0000700002ea7000)]
  0x00007fd78131e800 JavaThread "qtp1194679278-49" [_thread_blocked, id=73987, stack(0x0000700002c21000,0x0000700002d21000)]
  0x00007fd7813e1000 JavaThread "qtp1194679278-48" [_thread_blocked, id=73475, stack(0x0000700002b1e000,0x0000700002c1e000)]
  0x00007fd77d3e4800 JavaThread "qtp1194679278-47" [_thread_blocked, id=72963, stack(0x0000700002a1b000,0x0000700002b1b000)]
  0x00007fd7813e0000 JavaThread "qtp1194679278-46" [_thread_blocked, id=72451, stack(0x0000700002918000,0x0000700002a18000)]
  0x00007fd7814bb000 JavaThread "qtp1194679278-45" [_thread_blocked, id=15111, stack(0x0000700002815000,0x0000700002915000)]
  0x00007fd77d1b2800 JavaThread "qtp1194679278-44" [_thread_blocked, id=27147, stack(0x0000700002712000,0x0000700002812000)]
  0x00007fd781421800 JavaThread "qtp1194679278-43 Acceptor0 SelectChannelConnector@127.0.0.1:9876" [_thread_in_native, id=38439, stack(0x000070000260f000,0x000070000270f000)]
  0x00007fd781442000 JavaThread "qtp1194679278-42 Selector0" [_thread_in_native, id=27399, stack(0x0000700000f47000,0x0000700001047000)]
  0x00007fd780a37000 JavaThread "HashSessionScavenger-1" daemon [_thread_blocked, id=67095, stack(0x0000700001bf1000,0x0000700001cf1000)]
  0x00007fd77ca02000 JavaThread "qtp2127556824-37" [_thread_blocked, id=71683, stack(0x000070000250c000,0x000070000260c000)]
  0x00007fd77c376800 JavaThread "qtp2127556824-36" [_thread_blocked, id=71171, stack(0x0000700002409000,0x0000700002509000)]
  0x00007fd77c091000 JavaThread "qtp2127556824-35" [_thread_blocked, id=70659, stack(0x0000700002306000,0x0000700002406000)]
  0x00007fd780897000 JavaThread "qtp2127556824-34" [_thread_blocked, id=70147, stack(0x0000700002203000,0x0000700002303000)]
  0x00007fd77db43000 JavaThread "qtp2127556824-33" [_thread_blocked, id=69635, stack(0x0000700002100000,0x0000700002200000)]
  0x00007fd77db40000 JavaThread "qtp2127556824-32" [_thread_blocked, id=69123, stack(0x0000700001ffd000,0x00007000020fd000)]
  0x00007fd77d9e1000 JavaThread "qtp2127556824-31 Acceptor0 SelectChannelConnector@127.0.0.1:8888" [_thread_in_native, id=68611, stack(0x0000700001efa000,0x0000700001ffa000)]
  0x00007fd77daf5800 JavaThread "qtp2127556824-30 Selector0" [_thread_in_native, id=68099, stack(0x0000700001df7000,0x0000700001ef7000)]
  0x00007fd77c47f000 JavaThread "HashSessionScavenger-0" daemon [_thread_blocked, id=67351, stack(0x0000700001cf4000,0x0000700001df4000)]
  0x00007fd77c37a000 JavaThread "GC Daemon" daemon [_thread_blocked, id=63243, stack(0x00007000018e8000,0x00007000019e8000)]
  0x00007fd77c228000 JavaThread "Timer-0" daemon [_thread_blocked, id=64259, stack(0x0000700001aee000,0x0000700001bee000)]
  0x00007fd77d130000 JavaThread "pool-1-thread-1" [_thread_blocked, id=62163, stack(0x00007000017e5000,0x00007000018e5000)]
  0x00007fd77d8af000 JavaThread "TimerQueue" daemon [_thread_blocked, id=63191, stack(0x00007000016e2000,0x00007000017e2000)]
  0x00007fd77d90a000 JavaThread "AWT-EventQueue-0" [_thread_blocked, id=57103, stack(0x00007000014dc000,0x00007000015dc000)]
  0x00007fd77c92f000 JavaThread "Java2D Disposer" daemon [_thread_blocked, id=49159, stack(0x00007000012d6000,0x00007000013d6000)]
=>0x00007fd77c8fa000 JavaThread "Java2D Queue Flusher" daemon [_thread_in_native, id=42511, stack(0x00007000011d3000,0x00007000012d3000)]
  0x00007fd77c115000 JavaThread "AWT-Shutdown" [_thread_blocked, id=29719, stack(0x000070000104d000,0x000070000114d000)]
  0x00007fd77d0b7800 JavaThread "AppKit Thread" daemon [_thread_in_native, id=2571, stack(0x00007fff5efd9000,0x00007fff5f7d9000)]
  0x00007fd77d829800 JavaThread "Service Thread" daemon [_thread_blocked, id=18179, stack(0x0000700000d41000,0x0000700000e41000)]
  0x00007fd77c812800 JavaThread "C2 CompilerThread1" daemon [_thread_blocked, id=17667, stack(0x0000700000c3e000,0x0000700000d3e000)]
  0x00007fd77c80c800 JavaThread "C2 CompilerThread0" daemon [_thread_blocked, id=17155, stack(0x0000700000b3b000,0x0000700000c3b000)]
  0x00007fd77c80b800 JavaThread "Signal Dispatcher" daemon [_thread_blocked, id=12815, stack(0x0000700000a38000,0x0000700000b38000)]
  0x00007fd77c80a000 JavaThread "Finalizer" daemon [_thread_blocked, id=12291, stack(0x000070000082f000,0x000070000092f000)]
  0x00007fd77d034800 JavaThread "Reference Handler" daemon [_thread_blocked, id=11779, stack(0x000070000072c000,0x000070000082c000)]
  0x00007fd77d006800 JavaThread "main" [_thread_blocked, id=4099, stack(0x0000700000084000,0x0000700000184000)]

Other Threads:
  0x00007fd77d80d000 VMThread [stack: 0x0000700000629000,0x0000700000729000] [id=11267]
  0x00007fd77d81d800 WatcherThread [stack: 0x0000700000e44000,0x0000700000f44000] [id=18691]

VM state:not at safepoint (normal execution)

VM Mutex/Monitor currently owned by a thread: None

Heap
 PSYoungGen      total 210944K, used 370K [0x00000007eaa80000, 0x00000007fe100000, 0x0000000800000000)
  eden space 117248K, 0% used [0x00000007eaa80000,0x00000007eaadca30,0x00000007f1d00000)
  from space 93696K, 0% used [0x00000007f8580000,0x00000007f8580000,0x00000007fe100000)
  to   space 100352K, 0% used [0x00000007f1d00000,0x00000007f1d00000,0x00000007f7f00000)
 ParOldGen       total 315904K, used 133278K [0x00000007c0000000, 0x00000007d3480000, 0x00000007eaa80000)
  object space 315904K, 42% used [0x00000007c0000000,0x00000007c82279c8,0x00000007d3480000)
 PSPermGen       total 49152K, used 37347K [0x00000007bae00000, 0x00000007bde00000, 0x00000007c0000000)
  object space 49152K, 75% used [0x00000007bae00000,0x00000007bd278d50,0x00000007bde00000)

Card table byte_map: [0x0000000104ac0000,0x0000000104cea000] byte_map_base: 0x0000000100ce9000

Polling page: 0x0000000101148000

Code Cache  [0x0000000101a00000, 0x00000001020e0000, 0x0000000104a00000)
 total_blobs=3140 nmethods=2566 adapters=524 free_code_cache=42532Kb largest_free_block=43140096

Compilation events (10 events):
Event: 45416.658 Thread 0x00007fd77c80c800 3353             java.util.concurrent.locks.AbstractQueuedSynchronizer$ConditionObject::checkInterruptWhileWaiting (27 bytes)
Event: 45416.659 Thread 0x00007fd77c80c800 nmethod 3353 0x0000000102096f90 code [0x00000001020970e0, 0x00000001020971a8]
Event: 45427.480 Thread 0x00007fd77c812800 3354   !         java.util.concurrent.locks.AbstractQueuedSynchronizer::fullyRelease (54 bytes)
Event: 45427.483 Thread 0x00007fd77c812800 nmethod 3354 0x0000000101ffb590 code [0x0000000101ffb6e0, 0x0000000101ffb888]
Event: 45601.309 Thread 0x00007fd77c80c800 3355             java.util.concurrent.locks.LockSupport::parkNanos (29 bytes)
Event: 45601.310 Thread 0x00007fd77c80c800 nmethod 3355 0x0000000101fda910 code [0x0000000101fdaa60, 0x0000000101fdab48]
Event: 45601.693 Thread 0x00007fd77c812800 3356             java.util.concurrent.locks.AbstractQueuedSynchronizer$ConditionObject::awaitNanos (158 bytes)
Event: 45601.708 Thread 0x00007fd77c812800 nmethod 3356 0x000000010207a550 code [0x000000010207a760, 0x000000010207b270]
Event: 48991.874 Thread 0x00007fd77c80c800 3357             java.util.TaskQueue::isEmpty (13 bytes)
Event: 48991.876 Thread 0x00007fd77c80c800 nmethod 3357 0x0000000101ffb350 code [0x0000000101ffb480, 0x0000000101ffb4f8]

GC Heap History (10 events):
Event: 41134.101 GC heap before
{Heap before GC invocations=45 (full 11):
 PSYoungGen      total 224256K, used 3574K [0x00000007eaa80000, 0x00000007ff700000, 0x0000000800000000)
  eden space 117248K, 0% used [0x00000007eaa80000,0x00000007eaa80000,0x00000007f1d00000)
  from space 107008K, 3% used [0x00000007f8e80000,0x00000007f91fdae0,0x00000007ff700000)
  to   space 111616K, 0% used [0x00000007f1d00000,0x00000007f1d00000,0x00000007f8a00000)
 ParOldGen       total 315904K, used 140749K [0x00000007c0000000, 0x00000007d3480000, 0x00000007eaa80000)
  object space 315904K, 44% used [0x00000007c0000000,0x00000007c8973450,0x00000007d3480000)
 PSPermGen       total 55296K, used 37328K [0x00000007bae00000, 0x00000007be400000, 0x00000007c0000000)
  object space 55296K, 67% used [0x00000007bae00000,0x00000007bd2742b0,0x00000007be400000)
Event: 41134.350 GC heap after
Heap after GC invocations=45 (full 11):
 PSYoungGen      total 224256K, used 0K [0x00000007eaa80000, 0x00000007ff700000, 0x0000000800000000)
  eden space 117248K, 0% used [0x00000007eaa80000,0x00000007eaa80000,0x00000007f1d00000)
  from space 107008K, 0% used [0x00000007f8e80000,0x00000007f8e80000,0x00000007ff700000)
  to   space 111616K, 0% used [0x00000007f1d00000,0x00000007f1d00000,0x00000007f8a00000)
 ParOldGen       total 315904K, used 130647K [0x00000007c0000000, 0x00000007d3480000, 0x00000007eaa80000)
  object space 315904K, 41% used [0x00000007c0000000,0x00000007c7f95c98,0x00000007d3480000)
 PSPermGen       total 53248K, used 37328K [0x00000007bae00000, 0x00000007be200000, 0x00000007c0000000)
  object space 53248K, 70% used [0x00000007bae00000,0x00000007bd2742b0,0x00000007be200000)
}
Event: 44734.455 GC heap before
{Heap before GC invocations=46 (full 11):
 PSYoungGen      total 224256K, used 50701K [0x00000007eaa80000, 0x00000007ff700000, 0x0000000800000000)
  eden space 117248K, 43% used [0x00000007eaa80000,0x00000007edc03528,0x00000007f1d00000)
  from space 107008K, 0% used [0x00000007f8e80000,0x00000007f8e80000,0x00000007ff700000)
  to   space 111616K, 0% used [0x00000007f1d00000,0x00000007f1d00000,0x00000007f8a00000)
 ParOldGen       total 315904K, used 130647K [0x00000007c0000000, 0x00000007d3480000, 0x00000007eaa80000)
  object space 315904K, 41% used [0x00000007c0000000,0x00000007c7f95c98,0x00000007d3480000)
 PSPermGen       total 53248K, used 37347K [0x00000007bae00000, 0x00000007be200000, 0x00000007c0000000)
  object space 53248K, 70% used [0x00000007bae00000,0x00000007bd278e30,0x00000007be200000)
Event: 44734.458 GC heap after
Heap after GC invocations=46 (full 11):
 PSYoungGen      total 118784K, used 1056K [0x00000007eaa80000, 0x00000007fee00000, 0x0000000800000000)
  eden space 117248K, 0% used [0x00000007eaa80000,0x00000007eaa80000,0x00000007f1d00000)
  from space 1536K, 68% used [0x00000007f1d00000,0x00000007f1e08040,0x00000007f1e80000)
  to   space 107008K, 0% used [0x00000007f8580000,0x00000007f8580000,0x00000007fee00000)
 ParOldGen       total 315904K, used 130647K [0x00000007c0000000, 0x00000007d3480000, 0x00000007eaa80000)
  object space 315904K, 41% used [0x00000007c0000000,0x00000007c7f95c98,0x00000007d3480000)
 PSPermGen       total 53248K, used 37347K [0x00000007bae00000, 0x00000007be200000, 0x00000007c0000000)
  object space 53248K, 70% used [0x00000007bae00000,0x00000007bd278e30,0x00000007be200000)
}
Event: 44734.458 GC heap before
{Heap before GC invocations=47 (full 12):
 PSYoungGen      total 118784K, used 1056K [0x00000007eaa80000, 0x00000007fee00000, 0x0000000800000000)
  eden space 117248K, 0% used [0x00000007eaa80000,0x00000007eaa80000,0x00000007f1d00000)
  from space 1536K, 68% used [0x00000007f1d00000,0x00000007f1e08040,0x00000007f1e80000)
  to   space 107008K, 0% used [0x00000007f8580000,0x00000007f8580000,0x00000007fee00000)
 ParOldGen       total 315904K, used 130647K [0x00000007c0000000, 0x00000007d3480000, 0x00000007eaa80000)
  object space 315904K, 41% used [0x00000007c0000000,0x00000007c7f95c98,0x00000007d3480000)
 PSPermGen       total 53248K, used 37347K [0x00000007bae00000, 0x00000007be200000, 0x00000007c0000000)
  object space 53248K, 70% used [0x00000007bae00000,0x00000007bd278e30,0x00000007be200000)
Event: 44734.798 GC heap after
Heap after GC invocations=47 (full 12):
 PSYoungGen      total 118784K, used 0K [0x00000007eaa80000, 0x00000007fee00000, 0x0000000800000000)
  eden space 117248K, 0% used [0x00000007eaa80000,0x00000007eaa80000,0x00000007f1d00000)
  from space 1536K, 0% used [0x00000007f1d00000,0x00000007f1d00000,0x00000007f1e80000)
  to   space 107008K, 0% used [0x00000007f8580000,0x00000007f8580000,0x00000007fee00000)
 ParOldGen       total 315904K, used 130811K [0x00000007c0000000, 0x00000007d3480000, 0x00000007eaa80000)
  object space 315904K, 41% used [0x00000007c0000000,0x00000007c7fbeeb8,0x00000007d3480000)
 PSPermGen       total 51200K, used 37347K [0x00000007bae00000, 0x00000007be000000, 0x00000007c0000000)
  object space 51200K, 72% used [0x00000007bae00000,0x00000007bd278d30,0x00000007be000000)
}
Event: 49339.134 GC heap before
{Heap before GC invocations=48 (full 12):
 PSYoungGen      total 118784K, used 37077K [0x00000007eaa80000, 0x00000007fee00000, 0x0000000800000000)
  eden space 117248K, 31% used [0x00000007eaa80000,0x00000007eceb5458,0x00000007f1d00000)
  from space 1536K, 0% used [0x00000007f1d00000,0x00000007f1d00000,0x00000007f1e80000)
  to   space 107008K, 0% used [0x00000007f8580000,0x00000007f8580000,0x00000007fee00000)
 ParOldGen       total 315904K, used 130811K [0x00000007c0000000, 0x00000007d3480000, 0x00000007eaa80000)
  object space 315904K, 41% used [0x00000007c0000000,0x00000007c7fbeeb8,0x00000007d3480000)
 PSPermGen       total 51200K, used 37347K [0x00000007bae00000, 0x00000007be000000, 0x00000007c0000000)
  object space 51200K, 72% used [0x00000007bae00000,0x00000007bd278d50,0x00000007be000000)
Event: 49339.181 GC heap after
Heap after GC invocations=48 (full 12):
 PSYoungGen      total 210944K, used 12985K [0x00000007eaa80000, 0x00000007fe100000, 0x0000000800000000)
  eden space 117248K, 0% used [0x00000007eaa80000,0x00000007eaa80000,0x00000007f1d00000)
  from space 93696K, 13% used [0x00000007f8580000,0x00000007f922e450,0x00000007fe100000)
  to   space 100352K, 0% used [0x00000007f1d00000,0x00000007f1d00000,0x00000007f7f00000)
 ParOldGen       total 315904K, used 130811K [0x00000007c0000000, 0x00000007d3480000, 0x00000007eaa80000)
  object space 315904K, 41% used [0x00000007c0000000,0x00000007c7fbeeb8,0x00000007d3480000)
 PSPermGen       total 51200K, used 37347K [0x00000007bae00000, 0x00000007be000000, 0x00000007c0000000)
  object space 51200K, 72% used [0x00000007bae00000,0x00000007bd278d50,0x00000007be000000)
}
Event: 49339.181 GC heap before
{Heap before GC invocations=49 (full 13):
 PSYoungGen      total 210944K, used 12985K [0x00000007eaa80000, 0x00000007fe100000, 0x0000000800000000)
  eden space 117248K, 0% used [0x00000007eaa80000,0x00000007eaa80000,0x00000007f1d00000)
  from space 93696K, 13% used [0x00000007f8580000,0x00000007f922e450,0x00000007fe100000)
  to   space 100352K, 0% used [0x00000007f1d00000,0x00000007f1d00000,0x00000007f7f00000)
 ParOldGen       total 315904K, used 130811K [0x00000007c0000000, 0x00000007d3480000, 0x00000007eaa80000)
  object space 315904K, 41% used [0x00000007c0000000,0x00000007c7fbeeb8,0x00000007d3480000)
 PSPermGen       total 51200K, used 37347K [0x00000007bae00000, 0x00000007be000000, 0x00000007c0000000)
  object space 51200K, 72% used [0x00000007bae00000,0x00000007bd278d50,0x00000007be000000)
Event: 49339.584 GC heap after
Heap after GC invocations=49 (full 13):
 PSYoungGen      total 210944K, used 0K [0x00000007eaa80000, 0x00000007fe100000, 0x0000000800000000)
  eden space 117248K, 0% used [0x00000007eaa80000,0x00000007eaa80000,0x00000007f1d00000)
  from space 93696K, 0% used [0x00000007f8580000,0x00000007f8580000,0x00000007fe100000)
  to   space 100352K, 0% used [0x00000007f1d00000,0x00000007f1d00000,0x00000007f7f00000)
 ParOldGen       total 315904K, used 133278K [0x00000007c0000000, 0x00000007d3480000, 0x00000007eaa80000)
  object space 315904K, 42% used [0x00000007c0000000,0x00000007c82279c8,0x00000007d3480000)
 PSPermGen       total 49152K, used 37347K [0x00000007bae00000, 0x00000007bde00000, 0x00000007c0000000)
  object space 49152K, 75% used [0x00000007bae00000,0x00000007bd278d50,0x00000007bde00000)
}

Deoptimization events (10 events):
Event: 37811.582 Thread 0x00007fd77d90a000 Uncommon trap: reason=unstable_if action=reinterpret pc=0x0000000101fbd4e8 method=java.lang.Integer.valueOf(I)Ljava/lang/Integer; @ 25
Event: 37972.267 Thread 0x00007fd77d0b7800 Uncommon trap: reason=class_check action=maybe_recompile pc=0x0000000101a65b48 method=java.util.HashMap.removeEntryForKey(Ljava/lang/Object;)Ljava/util/HashMap$Entry; @ 85
Event: 37972.834 Thread 0x00007fd77c8fa000 Uncommon trap: reason=unstable_if action=reinterpret pc=0x000000010206b578 method=sun.java2d.opengl.OGLRenderQueue$QueueFlusher.run()V @ 47
Event: 44213.212 Thread 0x00007fd781865800 Uncommon trap: reason=class_check action=maybe_recompile pc=0x0000000101d657d4 method=com.google.gwt.thirdparty.guava.common.collect.AbstractIndexedListIterator.next()Ljava/lang/Object; @ 27
Event: 44213.218 Thread 0x00007fd781865800 Uncommon trap: reason=bimorphic action=maybe_recompile pc=0x0000000101f5aa80 method=java.util.ArrayList.addAll(Ljava/util/Collection;)Z @ 1
Event: 44213.248 Thread 0x00007fd77d1b2800 Uncommon trap: reason=bimorphic action=maybe_recompile pc=0x0000000101b92a08 method=sun.nio.cs.StreamEncoder.implFlush()V @ 15
Event: 44213.734 Thread 0x00007fd77c376800 Uncommon trap: reason=null_check action=make_not_entrant pc=0x00000001020d6444 method=org.eclipse.jetty.io.BufferCache.get(Lorg/eclipse/jetty/io/Buffer;)Lorg/eclipse/jetty/io/BufferCache$CachedBuffer; @ 8
Event: 44243.778 Thread 0x00007fd7814bb000 Uncommon trap: reason=unstable_if action=reinterpret pc=0x0000000101fc1ba4 method=java.util.concurrent.locks.AbstractQueuedSynchronizer.isOnSyncQueue(Ljava/util/concurrent/locks/AbstractQueuedSynchronizer$Node;)Z @ 22
Event: 45625.909 Thread 0x00007fd77d90a000 Uncommon trap: reason=unstable_if action=reinterpret pc=0x0000000102068534 method=javax.swing.RepaintManager.addDirtyRegion0(Ljava/awt/Container;IIII)V @ 108
Event: 46546.129 Thread 0x00007fd77d0b7800 Uncommon trap: reason=class_check action=maybe_recompile pc=0x0000000101a65b48 method=java.util.HashMap.removeEntryForKey(Ljava/lang/Object;)Ljava/util/HashMap$Entry; @ 85

Internal exceptions (10 events):
Event: 36.941 Thread 0x00007fd77d1b2800 Threw 0x00000007ebb017c0 at /Users/java_re/workspace/7u-2-build-macosx-x86_64/jdk7u80/2329/hotspot/src/share/vm/prims/jvm.cpp:1319
Event: 36.941 Thread 0x00007fd77d1b2800 Threw 0x00000007ebb067f8 at /Users/java_re/workspace/7u-2-build-macosx-x86_64/jdk7u80/2329/hotspot/src/share/vm/prims/jvm.cpp:1319
Event: 36.941 Thread 0x00007fd77d1b2800 Threw 0x00000007ebb0d5b8 at /Users/java_re/workspace/7u-2-build-macosx-x86_64/jdk7u80/2329/hotspot/src/share/vm/prims/jvm.cpp:1319
Event: 36.949 Thread 0x00007fd7813e1000 Threw 0x00000007ebb41358 at /Users/java_re/workspace/7u-2-build-macosx-x86_64/jdk7u80/2329/hotspot/src/share/vm/prims/jvm.cpp:1319
Event: 36.950 Thread 0x00007fd7813e1000 Threw 0x00000007ebb460d0 at /Users/java_re/workspace/7u-2-build-macosx-x86_64/jdk7u80/2329/hotspot/src/share/vm/prims/jvm.cpp:1319
Event: 37.085 Thread 0x00007fd77d1b2800 Threw 0x00000007ebb2e088 at /Users/java_re/workspace/7u-2-build-macosx-x86_64/jdk7u80/2329/hotspot/src/share/vm/prims/jvm.cpp:1319
Event: 87.244 Thread 0x00007fd77c657000 Implicit null exception at 0x0000000101c028b0 to 0x0000000101c02f61
Event: 3636.429 Thread 0x00007fd77c80a000 Implicit null exception at 0x0000000101b73f15 to 0x0000000101b74359
Event: 32255.448 Thread 0x00007fd77db40000 Implicit null exception at 0x0000000101b66569 to 0x0000000101b6696d
Event: 44213.734 Thread 0x00007fd77c376800 Implicit null exception at 0x00000001020d3154 to 0x00000001020d6425

Events (10 events):
Event: 44734.455 Executing VM operation: ParallelGCSystemGC
Event: 44734.798 Executing VM operation: ParallelGCSystemGC done
Event: 45625.909 Thread 0x00007fd77d90a000 Uncommon trap: trap_request=0xffffff75 fr.pc=0x0000000102068534
Event: 45625.909 Thread 0x00007fd77d90a000 DEOPT PACKING pc=0x0000000102068534 sp=0x00007000015da960
Event: 45625.909 Thread 0x00007fd77d90a000 DEOPT UNPACKING pc=0x0000000101a39045 sp=0x00007000015da968 mode 2
Event: 46546.129 Thread 0x00007fd77d0b7800 Uncommon trap: trap_request=0xffffffde fr.pc=0x0000000101a65b48
Event: 46546.129 Thread 0x00007fd77d0b7800 DEOPT PACKING pc=0x0000000101a65b48 sp=0x00007fff5f7d3a00
Event: 46546.129 Thread 0x00007fd77d0b7800 DEOPT UNPACKING pc=0x0000000101a39045 sp=0x00007fff5f7d39a0 mode 2
Event: 49339.131 Executing VM operation: ParallelGCSystemGC
Event: 49339.584 Executing VM operation: ParallelGCSystemGC done


Dynamic libraries:
0x000000000ae35000 	/System/Library/Frameworks/Cocoa.framework/Versions/A/Cocoa
0x000000000ae35000 	/System/Library/Frameworks/Security.framework/Versions/A/Security
0x000000000ae35000 	/System/Library/Frameworks/ApplicationServices.framework/Versions/A/ApplicationServices
0x000000000ae35000 	/usr/lib/libz.1.dylib
0x000000000ae35000 	/usr/lib/libSystem.B.dylib
0x000000000ae35000 	/usr/lib/libobjc.A.dylib
0x000000000ae35000 	/System/Library/Frameworks/CoreFoundation.framework/Versions/A/CoreFoundation
0x000000000ae35000 	/System/Library/Frameworks/Foundation.framework/Versions/C/Foundation
0x000000000ae35000 	/System/Library/Frameworks/AppKit.framework/Versions/C/AppKit
0x000000000ae35000 	/System/Library/Frameworks/CoreData.framework/Versions/A/CoreData
0x000000000ae35000 	/System/Library/PrivateFrameworks/RemoteViewServices.framework/Versions/A/RemoteViewServices
0x000000000ae35000 	/System/Library/PrivateFrameworks/UIFoundation.framework/Versions/A/UIFoundation
0x000000000ae35000 	/usr/lib/libScreenReader.dylib
0x000000000ae35000 	/System/Library/Frameworks/Accelerate.framework/Versions/A/Accelerate
0x000000000ae35000 	/System/Library/Frameworks/IOSurface.framework/Versions/A/IOSurface
0x000000000ae35000 	/System/Library/Frameworks/AudioToolbox.framework/Versions/A/AudioToolbox
0x000000000ae35000 	/System/Library/Frameworks/AudioUnit.framework/Versions/A/AudioUnit
0x000000000ae35000 	/System/Library/PrivateFrameworks/DataDetectorsCore.framework/Versions/A/DataDetectorsCore
0x000000000ae35000 	/System/Library/PrivateFrameworks/DesktopServicesPriv.framework/Versions/A/DesktopServicesPriv
0x000000000ae35000 	/System/Library/Frameworks/Carbon.framework/Versions/A/Frameworks/HIToolbox.framework/Versions/A/HIToolbox
0x000000000ae35000 	/System/Library/Frameworks/QuartzCore.framework/Versions/A/QuartzCore
0x000000000ae35000 	/System/Library/Frameworks/Carbon.framework/Versions/A/Frameworks/SpeechRecognition.framework/Versions/A/SpeechRecognition
0x000000000ae35000 	/usr/lib/libauto.dylib
0x000000000ae35000 	/usr/lib/libicucore.A.dylib
0x000000000ae35000 	/usr/lib/libxml2.2.dylib
0x000000000ae35000 	/System/Library/PrivateFrameworks/CoreUI.framework/Versions/A/CoreUI
0x000000000ae35000 	/System/Library/Frameworks/CoreAudio.framework/Versions/A/CoreAudio
0x000000000ae35000 	/System/Library/Frameworks/DiskArbitration.framework/Versions/A/DiskArbitration
0x000000000ae35000 	/usr/lib/liblangid.dylib
0x000000000ae35000 	/System/Library/PrivateFrameworks/MultitouchSupport.framework/Versions/A/MultitouchSupport
0x000000000ae35000 	/System/Library/Frameworks/IOKit.framework/Versions/A/IOKit
0x000000000ae35000 	/usr/lib/libDiagnosticMessagesClient.dylib
0x000000000ae35000 	/System/Library/Frameworks/CoreServices.framework/Versions/A/CoreServices
0x000000000ae35000 	/System/Library/PrivateFrameworks/PerformanceAnalysis.framework/Versions/A/PerformanceAnalysis
0x000000000ae35000 	/System/Library/PrivateFrameworks/GenerationalStorage.framework/Versions/A/GenerationalStorage
0x000000000ae35000 	/System/Library/Frameworks/OpenGL.framework/Versions/A/OpenGL
0x000000000ae35000 	/System/Library/PrivateFrameworks/Sharing.framework/Versions/A/Sharing
0x000000000ae35000 	/System/Library/Frameworks/CoreGraphics.framework/Versions/A/CoreGraphics
0x000000000ae35000 	/System/Library/Frameworks/CoreImage.framework/Versions/A/CoreImage
0x000000000ae35000 	/System/Library/Frameworks/CoreText.framework/Versions/A/CoreText
0x000000000ae35000 	/System/Library/Frameworks/ImageIO.framework/Versions/A/ImageIO
0x000000000ae35000 	/System/Library/PrivateFrameworks/Backup.framework/Versions/A/Backup
0x000000000ae35000 	/usr/lib/libextension.dylib
0x000000000ae35000 	/usr/lib/libarchive.2.dylib
0x000000000ae35000 	/System/Library/Frameworks/CFNetwork.framework/Versions/A/CFNetwork
0x000000000ae35000 	/System/Library/Frameworks/SystemConfiguration.framework/Versions/A/SystemConfiguration
0x000000000ae35000 	/usr/lib/libCRFSuite.dylib
0x000000000ae35000 	/usr/lib/libc++.1.dylib
0x000000000ae35000 	/usr/lib/libc++abi.dylib
0x000000000ae35000 	/usr/lib/system/libcache.dylib
0x000000000ae35000 	/usr/lib/system/libcommonCrypto.dylib
0x000000000ae35000 	/usr/lib/system/libcompiler_rt.dylib
0x000000000ae35000 	/usr/lib/system/libcopyfile.dylib
0x000000000ae35000 	/usr/lib/system/libcorecrypto.dylib
0x000000000ae35000 	/usr/lib/system/libdispatch.dylib
0x000000000ae35000 	/usr/lib/system/libdyld.dylib
0x000000000ae35000 	/usr/lib/system/libkeymgr.dylib
0x000000000ae35000 	/usr/lib/system/liblaunch.dylib
0x000000000ae35000 	/usr/lib/system/libmacho.dylib
0x000000000ae35000 	/usr/lib/system/libquarantine.dylib
0x000000000ae35000 	/usr/lib/system/libremovefile.dylib
0x000000000ae35000 	/usr/lib/system/libsystem_asl.dylib
0x000000000ae35000 	/usr/lib/system/libsystem_blocks.dylib
0x000000000ae35000 	/usr/lib/system/libsystem_c.dylib
0x000000000ae35000 	/usr/lib/system/libsystem_configuration.dylib
0x000000000ae35000 	/usr/lib/system/libsystem_coreservices.dylib
0x000000000ae35000 	/usr/lib/system/libsystem_coretls.dylib
0x000000000ae35000 	/usr/lib/system/libsystem_dnssd.dylib
0x000000000ae35000 	/usr/lib/system/libsystem_info.dylib
0x000000000ae35000 	/usr/lib/system/libsystem_kernel.dylib
0x000000000ae35000 	/usr/lib/system/libsystem_m.dylib
0x000000000ae35000 	/usr/lib/system/libsystem_malloc.dylib
0x000000000ae35000 	/usr/lib/system/libsystem_network.dylib
0x000000000ae35000 	/usr/lib/system/libsystem_networkextension.dylib
0x000000000ae35000 	/usr/lib/system/libsystem_notify.dylib
0x000000000ae35000 	/usr/lib/system/libsystem_platform.dylib
0x000000000ae35000 	/usr/lib/system/libsystem_pthread.dylib
0x000000000ae35000 	/usr/lib/system/libsystem_sandbox.dylib
0x000000000ae35000 	/usr/lib/system/libsystem_secinit.dylib
0x000000000ae35000 	/usr/lib/system/libsystem_trace.dylib
0x000000000ae35000 	/usr/lib/system/libunc.dylib
0x000000000ae35000 	/usr/lib/system/libunwind.dylib
0x000000000ae35000 	/usr/lib/system/libxpc.dylib
0x000000000ae35000 	/usr/lib/libenergytrace.dylib
0x000000000ae35000 	/usr/lib/libbsm.0.dylib
0x000000000ae35000 	/usr/lib/system/libkxld.dylib
0x000000000ae35000 	/usr/lib/libxar.1.dylib
0x000000000ae35000 	/usr/lib/libsqlite3.dylib
0x000000000ae35000 	/usr/lib/libpam.2.dylib
0x000000000ae35000 	/usr/lib/libOpenScriptingUtil.dylib
0x000000000ae35000 	/usr/lib/libbz2.1.0.dylib
0x000000000ae35000 	/usr/lib/liblzma.5.dylib
0x000000000ae35000 	/System/Library/Frameworks/CoreServices.framework/Versions/A/Frameworks/FSEvents.framework/Versions/A/FSEvents
0x000000000ae35000 	/System/Library/Frameworks/CoreServices.framework/Versions/A/Frameworks/CarbonCore.framework/Versions/A/CarbonCore
0x000000000ae35000 	/System/Library/Frameworks/CoreServices.framework/Versions/A/Frameworks/Metadata.framework/Versions/A/Metadata
0x000000000ae35000 	/System/Library/Frameworks/CoreServices.framework/Versions/A/Frameworks/OSServices.framework/Versions/A/OSServices
0x000000000ae35000 	/System/Library/Frameworks/CoreServices.framework/Versions/A/Frameworks/SearchKit.framework/Versions/A/SearchKit
0x000000000ae35000 	/System/Library/Frameworks/CoreServices.framework/Versions/A/Frameworks/AE.framework/Versions/A/AE
0x000000000ae35000 	/System/Library/Frameworks/CoreServices.framework/Versions/A/Frameworks/LaunchServices.framework/Versions/A/LaunchServices
0x000000000ae35000 	/System/Library/Frameworks/CoreServices.framework/Versions/A/Frameworks/DictionaryServices.framework/Versions/A/DictionaryServices
0x000000000ae35000 	/System/Library/Frameworks/CoreServices.framework/Versions/A/Frameworks/SharedFileList.framework/Versions/A/SharedFileList
0x000000000ae35000 	/System/Library/Frameworks/NetFS.framework/Versions/A/NetFS
0x000000000ae35000 	/System/Library/PrivateFrameworks/NetAuth.framework/Versions/A/NetAuth
0x000000000ae35000 	/System/Library/PrivateFrameworks/login.framework/Versions/A/Frameworks/loginsupport.framework/Versions/A/loginsupport
0x000000000ae35000 	/System/Library/PrivateFrameworks/TCC.framework/Versions/A/TCC
0x000000000ae35000 	/usr/lib/libmecabra.dylib
0x000000000ae35000 	/System/Library/Frameworks/ApplicationServices.framework/Versions/A/Frameworks/ATS.framework/Versions/A/ATS
0x000000000ae35000 	/System/Library/Frameworks/ApplicationServices.framework/Versions/A/Frameworks/ColorSync.framework/Versions/A/ColorSync
0x000000000ae35000 	/System/Library/Frameworks/ApplicationServices.framework/Versions/A/Frameworks/HIServices.framework/Versions/A/HIServices
0x000000000ae35000 	/System/Library/Frameworks/ApplicationServices.framework/Versions/A/Frameworks/LangAnalysis.framework/Versions/A/LangAnalysis
0x000000000ae35000 	/System/Library/Frameworks/ApplicationServices.framework/Versions/A/Frameworks/PrintCore.framework/Versions/A/PrintCore
0x000000000ae35000 	/System/Library/Frameworks/ApplicationServices.framework/Versions/A/Frameworks/QD.framework/Versions/A/QD
0x000000000ae35000 	/System/Library/Frameworks/ApplicationServices.framework/Versions/A/Frameworks/SpeechSynthesis.framework/Versions/A/SpeechSynthesis
0x000000000ae35000 	/System/Library/Frameworks/Metal.framework/Versions/A/Metal
0x000000000ae35000 	/System/Library/Frameworks/Accelerate.framework/Versions/A/Frameworks/vImage.framework/Versions/A/vImage
0x000000000ae35000 	/System/Library/Frameworks/Accelerate.framework/Versions/A/Frameworks/vecLib.framework/Versions/A/vecLib
0x000000000ae35000 	/System/Library/Frameworks/Accelerate.framework/Versions/A/Frameworks/vecLib.framework/Versions/A/libvDSP.dylib
0x000000000ae35000 	/System/Library/Frameworks/Accelerate.framework/Versions/A/Frameworks/vecLib.framework/Versions/A/libvMisc.dylib
0x000000000ae35000 	/System/Library/Frameworks/Accelerate.framework/Versions/A/Frameworks/vecLib.framework/Versions/A/libLAPACK.dylib
0x000000000ae35000 	/System/Library/Frameworks/Accelerate.framework/Versions/A/Frameworks/vecLib.framework/Versions/A/libBLAS.dylib
0x000000000ae35000 	/System/Library/Frameworks/Accelerate.framework/Versions/A/Frameworks/vecLib.framework/Versions/A/libLinearAlgebra.dylib
0x000000000ae35000 	/System/Library/Frameworks/Accelerate.framework/Versions/A/Frameworks/vecLib.framework/Versions/A/libSparseBLAS.dylib
0x000000000ae35000 	/System/Library/PrivateFrameworks/GPUCompiler.framework/libmetal_timestamp.dylib
0x000000000ae35000 	/System/Library/Frameworks/OpenGL.framework/Versions/A/Libraries/libCoreFSCache.dylib
0x000000000ae35000 	/System/Library/PrivateFrameworks/IOAccelerator.framework/Versions/A/IOAccelerator
0x000000000ae35000 	/System/Library/Frameworks/ApplicationServices.framework/Versions/A/Frameworks/ATS.framework/Versions/A/Resources/libFontParser.dylib
0x000000000ae35000 	/System/Library/Frameworks/ApplicationServices.framework/Versions/A/Frameworks/ATS.framework/Versions/A/Resources/libFontRegistry.dylib
0x000000000ae35000 	/System/Library/PrivateFrameworks/AppleVPA.framework/Versions/A/AppleVPA
0x000000000ae35000 	/System/Library/PrivateFrameworks/AppleJPEG.framework/Versions/A/AppleJPEG
0x000000000ae35000 	/System/Library/Frameworks/ImageIO.framework/Versions/A/Resources/libJPEG.dylib
0x000000000ae35000 	/System/Library/Frameworks/ImageIO.framework/Versions/A/Resources/libTIFF.dylib
0x000000000ae35000 	/System/Library/Frameworks/ImageIO.framework/Versions/A/Resources/libPng.dylib
0x000000000ae35000 	/System/Library/Frameworks/ImageIO.framework/Versions/A/Resources/libGIF.dylib
0x000000000ae35000 	/System/Library/Frameworks/ImageIO.framework/Versions/A/Resources/libJP2.dylib
0x000000000ae35000 	/System/Library/Frameworks/ImageIO.framework/Versions/A/Resources/libRadiance.dylib
0x000000000ae35000 	/System/Library/Frameworks/CoreVideo.framework/Versions/A/CoreVideo
0x000000000ae35000 	/System/Library/Frameworks/OpenGL.framework/Versions/A/Libraries/libGLU.dylib
0x000000000ae35000 	/System/Library/Frameworks/OpenGL.framework/Versions/A/Libraries/libGFXShared.dylib
0x000000000ae35000 	/System/Library/Frameworks/OpenGL.framework/Versions/A/Libraries/libGL.dylib
0x000000000ae35000 	/System/Library/Frameworks/OpenGL.framework/Versions/A/Libraries/libGLImage.dylib
0x000000000ae35000 	/System/Library/Frameworks/OpenGL.framework/Versions/A/Libraries/libCVMSPluginSupport.dylib
0x000000000ae35000 	/System/Library/Frameworks/OpenGL.framework/Versions/A/Libraries/libCoreVMClient.dylib
0x000000000ae35000 	/usr/lib/libcups.2.dylib
0x000000000ae35000 	/System/Library/Frameworks/Kerberos.framework/Versions/A/Kerberos
0x000000000ae35000 	/System/Library/Frameworks/GSS.framework/Versions/A/GSS
0x000000000ae35000 	/usr/lib/libresolv.9.dylib
0x000000000ae35000 	/usr/lib/libiconv.2.dylib
0x000000000ae35000 	/System/Library/PrivateFrameworks/Heimdal.framework/Versions/A/Heimdal
0x000000000ae35000 	/usr/lib/libheimdal-asn1.dylib
0x000000000ae35000 	/System/Library/Frameworks/OpenDirectory.framework/Versions/A/OpenDirectory
0x000000000ae35000 	/System/Library/PrivateFrameworks/CommonAuth.framework/Versions/A/CommonAuth
0x000000000ae35000 	/System/Library/Frameworks/OpenDirectory.framework/Versions/A/Frameworks/CFOpenDirectory.framework/Versions/A/CFOpenDirectory
0x000000000ae35000 	/System/Library/Frameworks/SecurityFoundation.framework/Versions/A/SecurityFoundation
0x000000000ae35000 	/System/Library/PrivateFrameworks/LanguageModeling.framework/Versions/A/LanguageModeling
0x000000000ae35000 	/usr/lib/libmarisa.dylib
0x000000000ae35000 	/usr/lib/libChineseTokenizer.dylib
0x000000000ae35000 	/usr/lib/libcmph.dylib
0x000000000ae35000 	/usr/lib/libcompression.dylib
0x000000000ae35000 	/System/Library/Frameworks/ServiceManagement.framework/Versions/A/ServiceManagement
0x000000000ae35000 	/usr/lib/libxslt.1.dylib
0x000000000ae35000 	/System/Library/Frameworks/Carbon.framework/Versions/A/Frameworks/Ink.framework/Versions/A/Ink
0x000000000ae35000 	/usr/lib/libFosl_dynamic.dylib
0x000000000ae35000 	/System/Library/PrivateFrameworks/FaceCore.framework/Versions/A/FaceCore
0x000000000ae35000 	/System/Library/Frameworks/OpenCL.framework/Versions/A/OpenCL
0x000000000ae35000 	/System/Library/PrivateFrameworks/CrashReporterSupport.framework/Versions/A/CrashReporterSupport
0x000000000ae35000 	/System/Library/PrivateFrameworks/IconServices.framework/Versions/A/IconServices
0x000000000ae35000 	/System/Library/PrivateFrameworks/Apple80211.framework/Versions/A/Apple80211
0x000000000ae35000 	/System/Library/Frameworks/CoreWLAN.framework/Versions/A/CoreWLAN
0x000000000ae35000 	/System/Library/Frameworks/IOBluetooth.framework/Versions/A/IOBluetooth
0x000000000ae35000 	/System/Library/PrivateFrameworks/CoreWiFi.framework/Versions/A/CoreWiFi
0x000000000ae35000 	/System/Library/Frameworks/CoreBluetooth.framework/Versions/A/CoreBluetooth
0x000000000ae35000 	/System/Library/PrivateFrameworks/ChunkingLibrary.framework/Versions/A/ChunkingLibrary
0x000000000ae35000 	/System/Library/PrivateFrameworks/DebugSymbols.framework/Versions/A/DebugSymbols
0x000000000ae35000 	/System/Library/PrivateFrameworks/CoreSymbolication.framework/Versions/A/CoreSymbolication
0x000000000ae35000 	/System/Library/PrivateFrameworks/Symbolication.framework/Versions/A/Symbolication
0x000000000ae35000 	/System/Library/PrivateFrameworks/SpeechRecognitionCore.framework/Versions/A/SpeechRecognitionCore
0x00000001006a2000 	/Library/Java/JavaVirtualMachines/jdk1.7.0_80.jdk/Contents/Home/jre/lib/server/libjvm.dylib
0x000000000ae35000 	/usr/lib/libstdc++.6.dylib
0x000000010110b000 	/Library/Java/JavaVirtualMachines/jdk1.7.0_80.jdk/Contents/Home/jre/lib/libverify.dylib
0x0000000101118000 	/Library/Java/JavaVirtualMachines/jdk1.7.0_80.jdk/Contents/Home/jre/lib/libjava.dylib
0x0000000101152000 	/Library/Java/JavaVirtualMachines/jdk1.7.0_80.jdk/Contents/Home/jre/lib/libzip.dylib
0x00000001011e3000 	/System/Library/Frameworks/JavaVM.framework/Frameworks/JavaRuntimeSupport.framework/JavaRuntimeSupport
0x000000010856a000 	/System/Library/Frameworks/JavaVM.framework/Versions/A/Frameworks/JavaNativeFoundation.framework/Versions/A/JavaNativeFoundation
0x000000010857f000 	/System/Library/Frameworks/JavaVM.framework/Versions/A/JavaVM
0x000000000ae35000 	/System/Library/Frameworks/Carbon.framework/Versions/A/Carbon
0x000000010858c000 	/System/Library/PrivateFrameworks/JavaLaunching.framework/Versions/A/JavaLaunching
0x000000000ae35000 	/System/Library/Frameworks/Carbon.framework/Versions/A/Frameworks/CommonPanels.framework/Versions/A/CommonPanels
0x000000000ae35000 	/System/Library/Frameworks/Carbon.framework/Versions/A/Frameworks/Help.framework/Versions/A/Help
0x000000000ae35000 	/System/Library/Frameworks/Carbon.framework/Versions/A/Frameworks/ImageCapture.framework/Versions/A/ImageCapture
0x000000000ae35000 	/System/Library/Frameworks/Carbon.framework/Versions/A/Frameworks/OpenScripting.framework/Versions/A/OpenScripting
0x000000000ae35000 	/System/Library/Frameworks/Carbon.framework/Versions/A/Frameworks/Print.framework/Versions/A/Print
0x000000000ae35000 	/System/Library/Frameworks/Carbon.framework/Versions/A/Frameworks/SecurityHI.framework/Versions/A/SecurityHI
0x000000010a281000 	/Library/Java/JavaVirtualMachines/jdk1.7.0_80.jdk/Contents/Home/jre/lib/libnet.dylib
0x000000010a2e0000 	/Library/Java/JavaVirtualMachines/jdk1.7.0_80.jdk/Contents/Home/jre/lib/libawt.dylib
0x000000010a38f000 	/Library/Java/JavaVirtualMachines/jdk1.7.0_80.jdk/Contents/Home/jre/lib/./libmlib_image.dylib
0x000000010a45b000 	/Library/Java/JavaVirtualMachines/jdk1.7.0_80.jdk/Contents/Home/jre/lib/lwawt/liblwawt.dylib
0x000000010a511000 	/Library/Java/JavaVirtualMachines/jdk1.7.0_80.jdk/Contents/Home/jre/lib/libosxapp.dylib
0x000000000ae35000 	/System/Library/Frameworks/ExceptionHandling.framework/Versions/A/ExceptionHandling
0x000000000ae35000 	/System/Library/PrivateFrameworks/CoreServicesInternal.framework/Versions/A/CoreServicesInternal
0x000000000ae35000 	/System/Library/Frameworks/CoreGraphics.framework/Versions/A/Resources/libRIP.A.dylib
0x000000010b4c9000 	/System/Library/Frameworks/Accelerate.framework/Frameworks/vImage.framework/Versions/A/Libraries/libCGInterfaces.dylib
0x000000000ae35000 	/System/Library/Frameworks/CoreGraphics.framework/Versions/A/Resources/libCGXType.A.dylib
0x000000000ae35000 	/System/Library/Frameworks/OpenCL.framework/Versions/A/Libraries/libcldcpuengine.dylib
0x000000000ae35000 	/System/Library/PrivateFrameworks/DiskImages.framework/Versions/A/DiskImages
0x000000000ae35000 	/System/Library/Frameworks/DiscRecording.framework/Versions/A/DiscRecording
0x000000000ae35000 	/usr/lib/libcsfde.dylib
0x000000000ae35000 	/usr/lib/libcurl.4.dylib
0x000000000ae35000 	/System/Library/PrivateFrameworks/MediaKit.framework/Versions/A/MediaKit
0x000000000ae35000 	/System/Library/PrivateFrameworks/ProtectedCloudStorage.framework/Versions/A/ProtectedCloudStorage
0x000000000ae35000 	/usr/lib/libCoreStorage.dylib
0x000000000ae35000 	/System/Library/PrivateFrameworks/EFILogin.framework/Versions/A/EFILogin
0x000000000ae35000 	/usr/lib/libutil.dylib
0x000000000ae35000 	/System/Library/PrivateFrameworks/FindMyDevice.framework/Versions/A/FindMyDevice
0x000000000ae35000 	/System/Library/Frameworks/LDAP.framework/Versions/A/LDAP
0x000000000ae35000 	/usr/lib/libsasl2.2.dylib
0x000000000ae35000 	/System/Library/PrivateFrameworks/CoreDaemon.framework/Versions/B/CoreDaemon
0x000000000ae35000 	/usr/lib/libcrypto.0.9.8.dylib
0x000000000ae35000 	/System/Library/PrivateFrameworks/AppleSRP.framework/Versions/A/AppleSRP
0x000000000ae35000 	/System/Library/PrivateFrameworks/TrustEvaluationAgent.framework/Versions/A/TrustEvaluationAgent
0x000000010c2aa000 	cl_kernels
0x000000000ae35000 	/System/Library/Frameworks/OpenCL.framework/Versions/A/Libraries/ImageFormats/unorm8_bgra.dylib
0x000000000ae35000 	/System/Library/Frameworks/OpenCL.framework/Versions/A/Libraries/ImageFormats/unorm8_rgba.dylib
0x000000000ae35000 	/System/Library/PrivateFrameworks/FamilyControls.framework/Versions/A/FamilyControls
0x000000000ae35000 	/System/Library/PrivateFrameworks/CommerceKit.framework/Versions/A/Frameworks/CommerceCore.framework/Versions/A/CommerceCore
0x000000000ae35000 	/System/Library/PrivateFrameworks/SystemAdministration.framework/Versions/A/SystemAdministration
0x000000000ae35000 	/System/Library/PrivateFrameworks/AppContainer.framework/Versions/A/AppContainer
0x000000000ae35000 	/System/Library/PrivateFrameworks/SecCodeWrapper.framework/Versions/A/SecCodeWrapper
0x000000000ae35000 	/System/Library/Frameworks/DirectoryService.framework/Versions/A/DirectoryService
0x000000000ae35000 	/System/Library/PrivateFrameworks/LoginUIKit.framework/Versions/A/Frameworks/LoginUICore.framework/Versions/A/LoginUICore
0x000000000ae35000 	/usr/lib/libodfde.dylib
0x000000010d385000 	/System/Library/Frameworks/OpenGL.framework/Resources/GLEngine.bundle/GLEngine
0x000000000ae35000 	/System/Library/Frameworks/OpenGL.framework/Versions/A/Libraries/libGLProgrammability.dylib
0x000000010d56d000 	/System/Library/Extensions/AppleIntelHD5000GraphicsGLDriver.bundle/Contents/MacOS/AppleIntelHD5000GraphicsGLDriver
0x000000000ae35000 	/System/Library/PrivateFrameworks/GPUSupport.framework/Versions/A/Libraries/libGPUSupportMercury.dylib
0x000000010dcbd000 	/System/Library/Frameworks/OpenGL.framework/Resources//GLRendererFloat.bundle/GLRendererFloat
0x000000010e58f000 	/Library/Java/JavaVirtualMachines/jdk1.7.0_80.jdk/Contents/Home/jre/lib/libfontmanager.dylib
0x000000010e874000 	/Library/Java/JavaVirtualMachines/jdk1.7.0_80.jdk/Contents/Home/jre/lib/libnio.dylib
0x000000010be60000 	/Library/Java/JavaVirtualMachines/jdk1.7.0_80.jdk/Contents/Home/jre/lib/libosxui.dylib
0x0000000115ebc000 	/System/Library/Extensions/AppleIntelHD5000GraphicsMTLDriver.bundle/Contents/MacOS/AppleIntelHD5000GraphicsMTLDriver
0x000000011ed15000 	/Library/Java/JavaVirtualMachines/jdk1.7.0_80.jdk/Contents/Home/jre/lib/libosx.dylib
0x000000010f748000 	/Library/Java/JavaVirtualMachines/jdk1.7.0_80.jdk/Contents/Home/jre/lib/libsunec.dylib
0x000000010a278000 	/Library/Java/JavaVirtualMachines/jdk1.7.0_80.jdk/Contents/Home/jre/lib/libmanagement.dylib
0x000000010fc4c000 	/Library/Java/JavaVirtualMachines/jdk1.7.0_80.jdk/Contents/Home/jre/lib/libdcpr.dylib

VM Arguments:
jvm_args: -Xmx1g 
java_command: com.google.gwt.dev.DevMode -startupUrl tomWebApp.html -war war com.google.gwt.tomwebapp.tomWebApp com.google.gwt.tomwebapp.tomWebApp -logLevel ALL
Launcher Type: SUN_STANDARD

Environment Variables:
JAVA_HOME=/Library/Java/JavaVirtualMachines/jdk1.7.0_80.jdk/Contents/Home
CLASSPATH=.:/Users/NicolasRoubertier/tom/src/dist/lib/tom-runtime-full.jar:
PATH=/Users/NicolasRoubertier/.rbenv/shims:/Library/Frameworks/Python.framework/Versions/3.4/bin:/usr/local/bin:/usr/bin:/bin:/usr/sbin:/sbin:/opt/X11/bin:/usr/local/CrossPack-AVR/bin:/usr/local/git/bin:/Library/TeX/texbin:/Users/NicolasRoubertier/tom/src/dist/bin:/Users/NicolasRoubertier/customCommands:/Applications/payara41/glassfish/bin
SHELL=/bin/bash
DISPLAY=/private/tmp/com.apple.launchd.lE9oKIDZS4/org.macosforge.xquartz:0

Signal Handlers:
SIGSEGV: [libjvm.dylib+0x52e8c9], sa_mask[0]=0xfffefeff, sa_flags=0x00000043
SIGBUS: [libjvm.dylib+0x52e8c9], sa_mask[0]=0xfffefeff, sa_flags=0x00000042
SIGFPE: [libjvm.dylib+0x42022e], sa_mask[0]=0xfffefeff, sa_flags=0x00000042
SIGPIPE: [libjvm.dylib+0x42022e], sa_mask[0]=0xfffefeff, sa_flags=0x00000042
SIGXFSZ: [libjvm.dylib+0x42022e], sa_mask[0]=0xfffefeff, sa_flags=0x00000042
SIGILL: [libjvm.dylib+0x42022e], sa_mask[0]=0xfffefeff, sa_flags=0x00000042
SIGUSR1: SIG_DFL, sa_mask[0]=0x63807efb, sa_flags=0x00000000
SIGUSR2: [libjvm.dylib+0x41fd20], sa_mask[0]=0x00000004, sa_flags=0x00000042
SIGHUP: [libjvm.dylib+0x41dfd5], sa_mask[0]=0xfffefeff, sa_flags=0x00000042
SIGINT: [libjvm.dylib+0x41dfd5], sa_mask[0]=0xfffefeff, sa_flags=0x00000042
SIGTERM: [libjvm.dylib+0x41dfd5], sa_mask[0]=0xfffefeff, sa_flags=0x00000042
SIGQUIT: [libjvm.dylib+0x41dfd5], sa_mask[0]=0xfffefeff, sa_flags=0x00000042


---------------  S Y S T E M  ---------------

OS:Bsduname:Darwin 15.3.0 Darwin Kernel Version 15.3.0: Thu Dec 10 18:40:58 PST 2015; root:xnu-3248.30.4~1/RELEASE_X86_64 x86_64
rlimit: STACK 8192k, CORE 0k, NPROC 709, NOFILE 10240, AS infinity
load average:1.56 1.73 1.70

CPU:total 4 (2 cores per cpu, 2 threads per core) family 6 model 69 stepping 1, cmov, cx8, fxsr, mmx, sse, sse2, sse3, ssse3, sse4.1, sse4.2, popcnt, avx, avx2, aes, erms, ht, tsc, tscinvbit

Memory: 4k page, physical 8388608k(2097152k free)

/proc/meminfo:


vm_info: Java HotSpot(TM) 64-Bit Server VM (24.80-b11) for bsd-amd64 JRE (1.7.0_80-b15), built on Apr 10 2015 11:25:43 by "java_re" with gcc 4.2.1 (Based on Apple Inc. build 5658) (LLVM build 2336.11.00)

time: Fri Feb 12 13:40:52 2016
elapsed time: 49339 seconds

